2009-10-30 20:19:35 Notice: Notice (1024): Please change the value of 'Security.salt' in app/config/core.php to a salt value specific to your application in [CORE/cake/libs/debugger.php, line 557]
2009-10-30 20:20:58 Notice: Notice (1024): Please change the value of 'Security.salt' in app/config/core.php to a salt value specific to your application in [CORE/cake/libs/debugger.php, line 557]
2009-11-15 18:31:04 Notice: Notice (8): Undefined property: AppError::$User in [APP/app_error.php, line 24]
2009-11-15 18:32:03 Notice: Notice (8): Undefined variable: User in [APP/app_error.php, line 24]
2009-11-15 18:51:52 Notice: Notice (8): Undefined property: CakeErrorController::$CakeError in [APP/app_error.php, line 25]
2009-11-15 18:52:09 Notice: Notice (8): Undefined variable: CakeError in [APP/app_error.php, line 25]
2009-11-15 20:05:01 Notice: Notice (8): Undefined variable: useraccounts in [APP/app_error.php, line 97]
2009-11-16 13:48:13 Notice: Notice (8): Undefined index: id in [CORE/cake/libs/view/scaffolds/index.ctp, line 65]
2009-11-16 13:48:13 Notice: Notice (8): Undefined index: id in [CORE/cake/libs/view/scaffolds/index.ctp, line 66]
2009-11-16 13:48:13 Notice: Notice (8): Undefined index: id in [CORE/cake/libs/view/scaffolds/index.ctp, line 67]
2009-11-16 19:32:46 Notice: Notice (8): Undefined index: before in [CORE/cake/libs/view/helpers/form.php, line 758]
2009-11-16 19:32:46 Notice: Notice (8): Undefined index: between in [CORE/cake/libs/view/helpers/form.php, line 759]
2009-11-16 19:32:46 Notice: Notice (8): Undefined index: after in [CORE/cake/libs/view/helpers/form.php, line 760]
2009-11-16 20:15:18 Notice: Notice (8): Undefined index: passwd in [APP/models/user.php, line 60]
2009-11-16 20:15:36 Notice: Notice (8): Undefined index: passwd in [APP/models/user.php, line 60]
2009-11-16 20:16:02 Notice: Notice (8): Undefined index: passwd in [APP/models/user.php, line 60]
2009-11-16 20:16:46 Notice: Notice (8): Undefined index: passwd in [APP/models/user.php, line 60]
2009-11-16 20:18:36 Notice: Notice (8): Undefined index: passwd in [APP/models/user.php, line 60]
2009-11-16 20:18:48 Notice: Notice (8): Undefined index: passwd in [APP/models/user.php, line 60]
2009-11-16 20:19:26 Notice: Notice (8): Undefined index: passwd in [APP/models/user.php, line 60]
2009-11-16 20:20:16 Notice: Notice (8): Undefined index: passwd in [APP/models/user.php, line 60]
2009-11-16 20:20:32 Notice: Notice (8): Undefined index: passwd in [APP/models/user.php, line 60]
2009-11-16 20:21:06 Notice: Notice (8): Undefined index: passwd in [APP/models/user.php, line 60]
2009-11-16 20:21:34 Notice: Notice (8): Undefined index: passwd in [APP/models/user.php, line 60]
2009-11-16 20:24:14 Notice: Notice (8): Undefined index: first_password in [APP/controllers/users_controller.php, line 84]
2009-11-16 20:24:14 Notice: Notice (8): Undefined index: second_password in [APP/controllers/users_controller.php, line 86]
2009-11-16 20:24:14 Notice: Notice (8): Undefined index: id in [CORE/cake/libs/view/scaffolds/index.ctp, line 65]
2009-11-16 20:24:14 Notice: Notice (8): Undefined index: id in [CORE/cake/libs/view/scaffolds/index.ctp, line 66]
2009-11-16 20:24:14 Notice: Notice (8): Undefined index: id in [CORE/cake/libs/view/scaffolds/index.ctp, line 67]
2009-11-17 10:36:32 Notice: Notice (8): Undefined variable: content in [APP/views/users/login.ctp, line 9]
2009-11-17 10:36:32 Notice: Notice (8): Undefined variable: contentTitle in [APP/views/users/login.ctp, line 9]
2009-11-17 10:36:32 Notice: Notice (8): Undefined variable: contentSubtitle in [APP/views/users/login.ctp, line 9]
2009-11-17 12:51:13 Notice: Notice (8): Undefined variable: twitterid in [APP/views/accounts/index.ctp, line 24]
2009-11-17 12:51:13 Notice: Notice (8): Undefined variable: myspaceid in [APP/views/accounts/index.ctp, line 25]
2009-11-17 12:51:49 Notice: Notice (8): Undefined variable: twitterid in [APP/views/accounts/index.ctp, line 24]
2009-11-17 12:51:49 Notice: Notice (8): Undefined variable: myspaceid in [APP/views/accounts/index.ctp, line 25]
2009-11-17 12:52:27 Notice: Notice (8): Undefined variable: twitterid in [APP/views/accounts/index.ctp, line 24]
2009-11-17 12:52:28 Notice: Notice (8): Undefined variable: myspaceid in [APP/views/accounts/index.ctp, line 25]
2009-11-17 12:52:29 Notice: Notice (8): Undefined variable: twitterid in [APP/views/accounts/index.ctp, line 24]
2009-11-17 12:52:29 Notice: Notice (8): Undefined variable: myspaceid in [APP/views/accounts/index.ctp, line 25]
2009-11-17 12:52:39 Notice: Notice (8): Undefined variable: twitterid in [APP/views/accounts/index.ctp, line 24]
2009-11-17 12:52:39 Notice: Notice (8): Undefined variable: myspaceid in [APP/views/accounts/index.ctp, line 25]
2009-11-17 12:52:40 Notice: Notice (8): Undefined variable: twitterid in [APP/views/accounts/index.ctp, line 24]
2009-11-17 12:52:40 Notice: Notice (8): Undefined variable: myspaceid in [APP/views/accounts/index.ctp, line 25]
2009-11-17 12:52:40 Notice: Notice (8): Undefined variable: twitterid in [APP/views/accounts/index.ctp, line 24]
2009-11-17 12:52:40 Notice: Notice (8): Undefined variable: myspaceid in [APP/views/accounts/index.ctp, line 25]
2009-11-17 12:52:41 Notice: Notice (8): Undefined variable: twitterid in [APP/views/accounts/index.ctp, line 24]
2009-11-17 12:52:41 Notice: Notice (8): Undefined variable: myspaceid in [APP/views/accounts/index.ctp, line 25]
2009-11-17 12:52:41 Notice: Notice (8): Undefined variable: twitterid in [APP/views/accounts/index.ctp, line 24]
2009-11-17 12:52:41 Notice: Notice (8): Undefined variable: myspaceid in [APP/views/accounts/index.ctp, line 25]
2009-11-17 12:52:52 Notice: Notice (8): Undefined variable: twitterid in [APP/views/accounts/index.ctp, line 24]
2009-11-17 12:52:52 Notice: Notice (8): Undefined variable: myspaceid in [APP/views/accounts/index.ctp, line 25]
2009-11-17 12:52:53 Notice: Notice (8): Undefined variable: twitterid in [APP/views/accounts/index.ctp, line 24]
2009-11-17 12:52:53 Notice: Notice (8): Undefined variable: myspaceid in [APP/views/accounts/index.ctp, line 25]
2009-11-17 12:52:53 Notice: Notice (8): Undefined variable: twitterid in [APP/views/accounts/index.ctp, line 24]
2009-11-17 12:52:53 Notice: Notice (8): Undefined variable: myspaceid in [APP/views/accounts/index.ctp, line 25]
2009-11-17 12:53:08 Notice: Notice (8): Undefined variable: twitterid in [APP/views/accounts/index.ctp, line 24]
2009-11-17 12:53:08 Notice: Notice (8): Undefined variable: myspaceid in [APP/views/accounts/index.ctp, line 25]
2009-11-17 12:53:09 Notice: Notice (8): Undefined variable: twitterid in [APP/views/accounts/index.ctp, line 24]
2009-11-17 12:53:09 Notice: Notice (8): Undefined variable: myspaceid in [APP/views/accounts/index.ctp, line 25]
2009-11-17 12:53:10 Notice: Notice (8): Undefined variable: twitterid in [APP/views/accounts/index.ctp, line 24]
2009-11-17 12:53:10 Notice: Notice (8): Undefined variable: myspaceid in [APP/views/accounts/index.ctp, line 25]
2009-11-17 12:53:10 Notice: Notice (8): Undefined variable: twitterid in [APP/views/accounts/index.ctp, line 24]
2009-11-17 12:53:10 Notice: Notice (8): Undefined variable: myspaceid in [APP/views/accounts/index.ctp, line 25]
2009-11-17 12:53:10 Notice: Notice (8): Undefined variable: twitterid in [APP/views/accounts/index.ctp, line 24]
2009-11-17 12:53:10 Notice: Notice (8): Undefined variable: myspaceid in [APP/views/accounts/index.ctp, line 25]
2009-11-17 12:53:11 Notice: Notice (8): Undefined variable: twitterid in [APP/views/accounts/index.ctp, line 24]
2009-11-17 12:53:11 Notice: Notice (8): Undefined variable: myspaceid in [APP/views/accounts/index.ctp, line 25]
2009-11-17 12:53:11 Notice: Notice (8): Undefined variable: twitterid in [APP/views/accounts/index.ctp, line 24]
2009-11-17 12:53:11 Notice: Notice (8): Undefined variable: myspaceid in [APP/views/accounts/index.ctp, line 25]
2009-11-17 12:53:32 Notice: Notice (8): Undefined variable: twitterid in [APP/views/accounts/index.ctp, line 24]
2009-11-17 12:53:32 Notice: Notice (8): Undefined variable: myspaceid in [APP/views/accounts/index.ctp, line 25]
2009-11-17 12:55:23 Notice: Notice (8): Trying to get property of non-object in [APP/controllers/accounts_controller.php, line 21]
2009-11-17 12:55:23 Notice: Notice (8): Undefined variable: twitterid in [APP/views/accounts/index.ctp, line 24]
2009-11-17 12:55:23 Notice: Notice (8): Undefined variable: myspaceid in [APP/views/accounts/index.ctp, line 25]
2009-11-17 12:55:36 Notice: Notice (8): Trying to get property of non-object in [APP/controllers/accounts_controller.php, line 22]
2009-11-17 12:55:36 Notice: Notice (8): Undefined variable: twitterid in [APP/views/accounts/index.ctp, line 24]
2009-11-17 12:55:36 Notice: Notice (8): Undefined variable: myspaceid in [APP/views/accounts/index.ctp, line 25]
2009-11-17 12:55:48 Notice: Notice (8): Undefined offset: 0 in [APP/controllers/accounts_controller.php, line 22]
2009-11-17 12:55:48 Notice: Notice (8): Trying to get property of non-object in [APP/controllers/accounts_controller.php, line 22]
2009-11-17 12:55:48 Notice: Notice (8): Undefined variable: twitterid in [APP/views/accounts/index.ctp, line 24]
2009-11-17 12:55:48 Notice: Notice (8): Undefined variable: myspaceid in [APP/views/accounts/index.ctp, line 25]
2009-11-17 12:56:02 Notice: Notice (8): Trying to get property of non-object in [APP/controllers/accounts_controller.php, line 22]
2009-11-17 12:56:02 Notice: Notice (8): Undefined variable: twitterid in [APP/views/accounts/index.ctp, line 24]
2009-11-17 12:56:02 Notice: Notice (8): Undefined variable: myspaceid in [APP/views/accounts/index.ctp, line 25]
2009-11-17 12:56:17 Notice: Notice (8): Trying to get property of non-object in [APP/controllers/accounts_controller.php, line 24]
2009-11-17 12:56:17 Notice: Notice (8): Trying to get property of non-object in [APP/controllers/accounts_controller.php, line 27]
2009-11-17 13:32:10 Notice: Notice (8): Undefined variable: hasAccounts in [APP/views/elements/sidebaraccounts.ctp, line 17]
2009-11-17 13:48:37 Notice: Notice (8): Undefined variable: network in [APP/views/accounts/view.ctp, line 16]
2009-11-17 13:48:37 Notice: Notice (8): Undefined variable: username in [APP/views/accounts/view.ctp, line 16]
2009-11-17 13:48:37 Notice: Notice (8): Undefined variable: connectionId in [APP/views/accounts/view.ctp, line 32]
2009-11-17 13:48:51 Notice: Notice (8): Undefined variable: network in [APP/views/accounts/view.ctp, line 16]
2009-11-17 13:48:51 Notice: Notice (8): Undefined variable: username in [APP/views/accounts/view.ctp, line 16]
2009-11-17 13:48:51 Notice: Notice (8): Undefined variable: connectionId in [APP/views/accounts/view.ctp, line 32]
2009-11-17 13:48:59 Notice: Notice (8): Undefined variable: network in [APP/views/accounts/view.ctp, line 16]
2009-11-17 13:48:59 Notice: Notice (8): Undefined variable: username in [APP/views/accounts/view.ctp, line 16]
2009-11-17 13:48:59 Notice: Notice (8): Undefined variable: connectionId in [APP/views/accounts/view.ctp, line 32]
2009-11-17 13:49:02 Notice: Notice (8): Undefined variable: network in [APP/views/accounts/view.ctp, line 16]
2009-11-17 13:49:02 Notice: Notice (8): Undefined variable: username in [APP/views/accounts/view.ctp, line 16]
2009-11-17 13:49:02 Notice: Notice (8): Undefined variable: connectionId in [APP/views/accounts/view.ctp, line 32]
2009-11-17 14:04:38 Notice: Notice (8): Undefined variable: network in [APP/views/accounts/view.ctp, line 16]
2009-11-17 14:04:38 Notice: Notice (8): Undefined variable: network in [APP/views/accounts/view.ctp, line 30]
2009-11-17 14:04:42 Notice: Notice (8): Undefined variable: network in [APP/views/accounts/delete.ctp, line 10]
2009-11-17 14:04:42 Notice: Notice (8): Undefined variable: network in [APP/views/accounts/delete.ctp, line 16]
2009-11-17 14:12:33 Notice: Notice (8): Undefined property: AccountsController::$Usersaccounts in [APP/controllers/accounts_controller.php, line 106]
2009-11-17 14:14:41 Notice: Notice (8): Undefined variable: accountid in [APP/controllers/accounts_controller.php, line 110]
2009-11-17 14:14:41 Notice: Notice (8): Undefined index: name in [APP/views/accounts/view.ctp, line 16]
2009-11-17 14:14:41 Notice: Notice (8): Undefined index: username in [APP/views/accounts/view.ctp, line 16]
2009-11-17 14:14:41 Notice: Notice (8): Undefined index: id in [APP/views/accounts/view.ctp, line 30]
2009-11-17 14:28:38 Notice: Notice (8): Undefined variable: accountid in [APP/controllers/accounts_controller.php, line 110]
2009-11-17 14:28:38 Notice: Notice (8): Undefined index: name in [APP/views/accounts/view.ctp, line 16]
2009-11-17 14:28:38 Notice: Notice (8): Undefined index: username in [APP/views/accounts/view.ctp, line 16]
2009-11-17 14:28:38 Notice: Notice (8): Undefined index: id in [APP/views/accounts/view.ctp, line 30]
2009-11-17 14:28:51 Notice: Notice (8): Undefined index: name in [APP/views/accounts/view.ctp, line 16]
2009-11-17 14:28:51 Notice: Notice (8): Undefined index: username in [APP/views/accounts/view.ctp, line 16]
2009-11-17 14:28:51 Notice: Notice (8): Undefined index: id in [APP/views/accounts/view.ctp, line 30]
2009-11-17 14:29:11 Notice: Notice (8): Undefined index: name in [APP/views/accounts/view.ctp, line 16]
2009-11-17 14:29:11 Notice: Notice (8): Undefined index: username in [APP/views/accounts/view.ctp, line 16]
2009-11-17 14:29:11 Notice: Notice (8): Undefined index: id in [APP/views/accounts/view.ctp, line 30]
2009-11-17 14:29:19 Notice: Notice (8): Undefined variable: id in [APP/controllers/accounts_controller.php, line 47]
2009-11-17 14:29:19 Notice: Notice (8): Undefined index: name in [APP/views/accounts/delete.ctp, line 10]
2009-11-17 14:29:19 Notice: Notice (8): Undefined index: username in [APP/views/accounts/delete.ctp, line 10]
2009-11-17 14:29:19 Notice: Notice (8): Undefined index: id in [APP/views/accounts/delete.ctp, line 16]
2009-11-17 14:29:32 Notice: Notice (8): Undefined index: name in [APP/views/accounts/view.ctp, line 16]
2009-11-17 14:29:32 Notice: Notice (8): Undefined index: username in [APP/views/accounts/view.ctp, line 16]
2009-11-17 14:29:32 Notice: Notice (8): Undefined index: id in [APP/views/accounts/view.ctp, line 30]
2009-11-17 14:30:08 Notice: Notice (8): Undefined index: name in [APP/views/accounts/view.ctp, line 16]
2009-11-17 14:30:08 Notice: Notice (8): Undefined index: username in [APP/views/accounts/view.ctp, line 16]
2009-11-17 14:30:08 Notice: Notice (8): Undefined index: id in [APP/views/accounts/view.ctp, line 29]
2009-11-17 14:32:30 Notice: Notice (8): Undefined index: name in [APP/views/accounts/view.ctp, line 16]
2009-11-17 14:32:30 Notice: Notice (8): Undefined index: username in [APP/views/accounts/view.ctp, line 16]
2009-11-17 14:33:17 Notice: Notice (8): Undefined variable: id in [APP/controllers/accounts_controller.php, line 31]
2009-11-17 14:33:17 Notice: Notice (8): Undefined index: name in [APP/views/accounts/view.ctp, line 16]
2009-11-17 14:33:17 Notice: Notice (8): Undefined index: username in [APP/views/accounts/view.ctp, line 16]
2009-11-17 14:33:17 Notice: Notice (8): Undefined variable: id in [APP/controllers/accounts_controller.php, line 31]
2009-11-17 14:33:17 Notice: Notice (8): Undefined index: name in [APP/views/accounts/view.ctp, line 16]
2009-11-17 14:33:17 Notice: Notice (8): Undefined index: username in [APP/views/accounts/view.ctp, line 16]
2009-11-17 14:34:10 Notice: Notice (8): Undefined index: name in [APP/views/accounts/view.ctp, line 16]
2009-11-17 14:34:10 Notice: Notice (8): Undefined index: username in [APP/views/accounts/view.ctp, line 16]
2009-11-17 14:53:17 Notice: Notice (8): Undefined index: name in [APP/views/accounts/view.ctp, line 16]
2009-11-17 14:53:17 Notice: Notice (8): Undefined index: username in [APP/views/accounts/view.ctp, line 16]
2009-11-17 14:53:23 Notice: Notice (8): Undefined index: name in [APP/views/accounts/view.ctp, line 16]
2009-11-17 14:53:23 Notice: Notice (8): Undefined index: username in [APP/views/accounts/view.ctp, line 16]
2009-11-17 14:53:58 Notice: Notice (8): Undefined index: name in [APP/views/accounts/view.ctp, line 16]
2009-11-17 14:53:58 Notice: Notice (8): Undefined index: username in [APP/views/accounts/view.ctp, line 16]
2009-11-17 14:54:02 Notice: Notice (8): Undefined index: name in [APP/views/accounts/view.ctp, line 16]
2009-11-17 14:54:02 Notice: Notice (8): Undefined index: username in [APP/views/accounts/view.ctp, line 16]
2009-11-17 14:55:08 Notice: Notice (8): Undefined index: name in [APP/views/accounts/view.ctp, line 16]
2009-11-17 14:55:08 Notice: Notice (8): Undefined index: username in [APP/views/accounts/view.ctp, line 16]
2009-11-17 14:55:12 Notice: Notice (8): Undefined index: name in [APP/views/accounts/view.ctp, line 16]
2009-11-17 14:55:12 Notice: Notice (8): Undefined index: username in [APP/views/accounts/view.ctp, line 16]
2009-11-17 14:55:19 Notice: Notice (8): Undefined index: name in [APP/views/accounts/view.ctp, line 16]
2009-11-17 14:55:19 Notice: Notice (8): Undefined index: username in [APP/views/accounts/view.ctp, line 16]
2009-11-17 14:56:00 Notice: Notice (8): Undefined index: name in [APP/views/accounts/view.ctp, line 16]
2009-11-17 14:56:00 Notice: Notice (8): Undefined index: username in [APP/views/accounts/view.ctp, line 16]
2009-11-17 14:56:20 Notice: Notice (8): Undefined index: name in [APP/views/accounts/view.ctp, line 16]
2009-11-17 14:56:20 Notice: Notice (8): Undefined index: username in [APP/views/accounts/view.ctp, line 16]
2009-11-17 14:56:44 Notice: Notice (8): Undefined index: name in [APP/views/accounts/view.ctp, line 16]
2009-11-17 14:56:44 Notice: Notice (8): Undefined index: username in [APP/views/accounts/view.ctp, line 16]
2009-11-17 14:56:52 Notice: Notice (8): Undefined index: name in [APP/views/accounts/view.ctp, line 16]
2009-11-17 14:56:52 Notice: Notice (8): Undefined index: username in [APP/views/accounts/view.ctp, line 16]
2009-11-17 14:57:18 Notice: Notice (8): Undefined index: name in [APP/views/accounts/view.ctp, line 16]
2009-11-17 14:57:18 Notice: Notice (8): Undefined index: username in [APP/views/accounts/view.ctp, line 16]
2009-11-17 14:57:21 Notice: Notice (8): Undefined index: name in [APP/views/accounts/delete.ctp, line 10]
2009-11-17 14:57:21 Notice: Notice (8): Undefined index: username in [APP/views/accounts/delete.ctp, line 10]
2009-11-17 14:57:21 Notice: Notice (8): Undefined index: name in [APP/views/accounts/delete.ctp, line 10]
2009-11-17 14:57:21 Notice: Notice (8): Undefined index: username in [APP/views/accounts/delete.ctp, line 10]
2009-11-17 15:49:04 Notice: Notice (8): Undefined variable: id in [APP/controllers/accounts_controller.php, line 51]
2009-11-17 15:51:06 Notice: Notice (8): Undefined variable: id in [APP/controllers/accounts_controller.php, line 51]
2009-11-17 15:55:45 Notice: Notice (8): Undefined index: authkey in [APP/controllers/accounts_controller.php, line 62]
2009-11-17 15:55:45 Notice: Notice (8): Undefined index: secretkey in [APP/controllers/accounts_controller.php, line 63]
2009-11-17 15:58:08 Notice: Notice (8): Undefined index: authkey in [APP/controllers/accounts_controller.php, line 62]
2009-11-17 15:58:08 Notice: Notice (8): Undefined index: secretkey in [APP/controllers/accounts_controller.php, line 63]
2009-11-17 15:58:34 Notice: Notice (8): Undefined index: authkey in [APP/controllers/accounts_controller.php, line 63]
2009-11-17 15:58:34 Notice: Notice (8): Undefined index: secretkey in [APP/controllers/accounts_controller.php, line 64]
2009-11-17 16:00:47 Notice: Notice (8): Undefined variable: params in [APP/controllers/components/twitter.php, line 32]
2009-11-17 16:00:47 Notice: Notice (8): Undefined variable: params in [APP/controllers/components/twitter.php, line 43]
2009-11-17 16:00:48 Notice: Notice (8): Undefined variable: params in [APP/controllers/components/twitter.php, line 32]
2009-11-17 16:00:48 Notice: Notice (8): Undefined variable: params in [APP/controllers/components/twitter.php, line 43]
2009-11-17 16:01:48 Notice: Notice (8): Undefined index: aid in [APP/controllers/accounts_controller.php, line 41]
2009-11-17 16:01:48 Notice: Notice (8): Undefined variable: params in [APP/controllers/components/twitter.php, line 32]
2009-11-17 16:01:49 Notice: Notice (8): Undefined variable: params in [APP/controllers/components/twitter.php, line 43]
2009-11-17 16:02:13 Notice: Notice (8): Undefined variable: params in [APP/controllers/components/twitter.php, line 32]
2009-11-17 16:02:13 Notice: Notice (8): Undefined variable: params in [APP/controllers/components/twitter.php, line 43]
2009-11-17 16:02:54 Notice: Notice (8): Undefined index: username in [APP/controllers/components/twitter.php, line 32]
2009-11-17 16:02:54 Notice: Notice (8): Undefined index: password in [APP/controllers/components/twitter.php, line 32]
2009-11-17 16:02:55 Notice: Notice (8): Undefined index: username in [APP/controllers/components/twitter.php, line 43]
2009-11-17 16:02:55 Notice: Notice (8): Undefined index: password in [APP/controllers/components/twitter.php, line 43]
2009-11-17 16:03:09 Notice: Notice (8): Undefined index: username in [APP/controllers/components/twitter.php, line 32]
2009-11-17 16:03:09 Notice: Notice (8): Undefined index: password in [APP/controllers/components/twitter.php, line 32]
2009-11-17 16:03:09 Notice: Notice (8): Undefined index: username in [APP/controllers/components/twitter.php, line 43]
2009-11-17 16:03:09 Notice: Notice (8): Undefined index: password in [APP/controllers/components/twitter.php, line 43]
2009-11-17 16:03:32 Notice: Notice (8): Undefined index: username in [APP/controllers/components/twitter.php, line 32]
2009-11-17 16:03:32 Notice: Notice (8): Undefined index: password in [APP/controllers/components/twitter.php, line 32]
2009-11-17 16:03:33 Notice: Notice (8): Undefined index: username in [APP/controllers/components/twitter.php, line 43]
2009-11-17 16:03:33 Notice: Notice (8): Undefined index: password in [APP/controllers/components/twitter.php, line 43]
2009-11-17 16:21:35 Notice: Notice (8): Undefined variable: id in [APP/controllers/accounts_controller.php, line 52]
2009-12-09 12:58:05 Notice: Notice (8): Undefined variable: accounts in [APP/views/accounts/index.ctp, line 7]
2009-12-09 12:58:05 Notice: Notice (8): Undefined variable: myspaceid in [APP/views/accounts/index.ctp, line 34]
2009-12-09 12:58:05 Notice: Notice (8): Undefined variable: twitterid in [APP/views/accounts/index.ctp, line 35]
2009-12-09 12:58:05 Notice: Notice (8): Undefined variable: linkedinid in [APP/views/accounts/index.ctp, line 36]
2009-12-09 13:00:54 Notice: Notice (8): Undefined variable: accounts in [APP/controllers/accounts_controller.php, line 20]
2009-12-09 13:01:11 Notice: Notice (8): Undefined variable: accounts in [APP/controllers/accounts_controller.php, line 20]
2009-12-09 23:42:57 Notice: Notice (8): Undefined variable: oauth_token in [APP/controllers/accounts_controller.php, line 114]
2009-12-10 00:07:28 Notice: Notice (8): Undefined index: oauth_token in [APP/controllers/accounts_controller.php, line 111]
2009-12-10 00:08:12 Notice: Notice (8): Undefined index: oauth_token in [APP/controllers/accounts_controller.php, line 111]
2009-12-10 00:12:22 Notice: Notice (8): Undefined index: oauth_verifier in [APP/controllers/accounts_controller.php, line 124]
2009-12-10 00:34:17 Notice: Notice (8): Undefined index: name in [APP/views/elements/sidebaraccounts.ctp, line 12]
2009-12-10 00:34:17 Notice: Notice (8): Undefined index: username in [APP/views/elements/sidebaraccounts.ctp, line 12]
2009-12-10 00:34:17 Notice: Notice (8): Undefined index: aid in [APP/views/elements/sidebaraccounts.ctp, line 14]
2009-12-10 09:16:27 Notice: Notice (8): Undefined index: oauth_verifier in [APP/controllers/accounts_controller.php, line 132]
2009-12-10 10:13:59 Notice: Notice (8): Undefined index: accountname in [APP/controllers/accounts_controller.php, line 58]
2009-12-10 10:13:59 Notice: Notice (8): Undefined variable: accounts in [APP/views/accounts/view.ctp, line 7]
2009-12-10 10:13:59 Notice: Notice (8): Undefined variable: network in [APP/views/accounts/view.ctp, line 16]
2009-12-10 10:13:59 Notice: Notice (8): Undefined variable: updates in [APP/views/accounts/view.ctp, line 17]
2009-12-10 10:13:59 Notice: Notice (8): Undefined variable: friends in [APP/views/accounts/view.ctp, line 18]
2009-12-10 10:13:59 Notice: Notice (8): Undefined variable: network in [APP/views/accounts/view.ctp, line 30]
2009-12-10 10:13:59 Notice: Notice (8): Undefined index: accountname in [APP/controllers/accounts_controller.php, line 58]
2009-12-10 10:13:59 Notice: Notice (8): Undefined variable: accounts in [APP/views/accounts/view.ctp, line 7]
2009-12-10 10:13:59 Notice: Notice (8): Undefined variable: network in [APP/views/accounts/view.ctp, line 16]
2009-12-10 10:13:59 Notice: Notice (8): Undefined variable: updates in [APP/views/accounts/view.ctp, line 17]
2009-12-10 10:13:59 Notice: Notice (8): Undefined variable: friends in [APP/views/accounts/view.ctp, line 18]
2009-12-10 10:13:59 Notice: Notice (8): Undefined variable: network in [APP/views/accounts/view.ctp, line 30]
2009-12-10 10:14:14 Notice: Notice (8): Undefined index: accountname in [APP/controllers/accounts_controller.php, line 58]
2009-12-10 10:14:14 Notice: Notice (8): Undefined variable: accounts in [APP/views/accounts/view.ctp, line 7]
2009-12-10 10:14:14 Notice: Notice (8): Undefined variable: network in [APP/views/accounts/view.ctp, line 16]
2009-12-10 10:14:14 Notice: Notice (8): Undefined variable: updates in [APP/views/accounts/view.ctp, line 17]
2009-12-10 10:14:14 Notice: Notice (8): Undefined variable: friends in [APP/views/accounts/view.ctp, line 18]
2009-12-10 10:14:14 Notice: Notice (8): Undefined variable: network in [APP/views/accounts/view.ctp, line 30]
2009-12-10 10:14:37 Notice: Notice (8): Undefined index: accountname in [APP/controllers/accounts_controller.php, line 58]
2009-12-10 10:14:37 Notice: Notice (8): Undefined variable: accounts in [APP/views/accounts/view.ctp, line 7]
2009-12-10 10:14:37 Notice: Notice (8): Undefined variable: network in [APP/views/accounts/view.ctp, line 16]
2009-12-10 10:14:37 Notice: Notice (8): Undefined variable: updates in [APP/views/accounts/view.ctp, line 17]
2009-12-10 10:14:37 Notice: Notice (8): Undefined variable: friends in [APP/views/accounts/view.ctp, line 18]
2009-12-10 10:14:37 Notice: Notice (8): Undefined variable: network in [APP/views/accounts/view.ctp, line 30]
2009-12-10 10:14:50 Notice: Notice (8): Undefined variable: accounts in [APP/views/accounts/view.ctp, line 7]
2009-12-10 10:14:50 Notice: Notice (8): Undefined variable: network in [APP/views/accounts/view.ctp, line 16]
2009-12-10 10:14:50 Notice: Notice (8): Undefined variable: updates in [APP/views/accounts/view.ctp, line 17]
2009-12-10 10:14:50 Notice: Notice (8): Undefined variable: friends in [APP/views/accounts/view.ctp, line 18]
2009-12-10 10:14:50 Notice: Notice (8): Undefined variable: network in [APP/views/accounts/view.ctp, line 30]
2009-12-10 10:39:19 Notice: Notice (8): Undefined index: oauth_verifier in [APP/controllers/accounts_controller.php, line 147]
2009-12-10 10:40:25 Notice: Notice (8): Undefined index: oauth_verifier in [APP/controllers/accounts_controller.php, line 147]
2009-12-10 10:40:25 Notice: Notice (8): Undefined index: username in [APP/views/elements/sidebaraccounts.ctp, line 12]
2009-12-10 10:44:02 Notice: Notice (8): Undefined variable: firephp in [APP/controllers/components/linked_in.php, line 90]
2009-12-10 10:57:05 Notice: Notice (8): Undefined variable: accounts in [APP/views/accounts/view.ctp, line 7]
2009-12-10 10:57:05 Notice: Notice (8): Undefined variable: network in [APP/views/accounts/view.ctp, line 16]
2009-12-10 10:57:05 Notice: Notice (8): Undefined variable: updates in [APP/views/accounts/view.ctp, line 17]
2009-12-10 10:57:05 Notice: Notice (8): Undefined variable: friends in [APP/views/accounts/view.ctp, line 18]
2009-12-10 10:57:05 Notice: Notice (8): Undefined variable: network in [APP/views/accounts/view.ctp, line 30]
2009-12-10 10:58:39 Notice: Notice (8): Undefined variable: accounts in [APP/views/accounts/view.ctp, line 7]
2009-12-10 10:58:39 Notice: Notice (8): Undefined variable: updates in [APP/views/accounts/view.ctp, line 17]
2009-12-10 10:58:39 Notice: Notice (8): Undefined variable: friends in [APP/views/accounts/view.ctp, line 18]
2009-12-10 10:58:39 Notice: Notice (8): Undefined index: id in [APP/views/accounts/view.ctp, line 30]
2009-12-10 10:59:24 Notice: Notice (8): Undefined variable: accounts in [APP/views/accounts/view.ctp, line 7]
2009-12-10 10:59:24 Notice: Notice (8): Undefined variable: updates in [APP/views/accounts/view.ctp, line 17]
2009-12-10 10:59:24 Notice: Notice (8): Undefined variable: friends in [APP/views/accounts/view.ctp, line 18]
2009-12-10 11:06:59 Notice: Notice (8): Undefined variable: accounts in [APP/views/accounts/view.ctp, line 7]
2009-12-10 11:06:59 Notice: Notice (8): Undefined variable: updates in [APP/views/accounts/view.ctp, line 17]
2009-12-10 11:06:59 Notice: Notice (8): Undefined variable: friends in [APP/views/accounts/view.ctp, line 18]
2009-12-10 11:07:03 Notice: Notice (8): Undefined variable: accounts in [APP/views/accounts/view.ctp, line 7]
2009-12-10 11:07:03 Notice: Notice (8): Undefined variable: updates in [APP/views/accounts/view.ctp, line 17]
2009-12-10 11:07:03 Notice: Notice (8): Undefined variable: friends in [APP/views/accounts/view.ctp, line 18]
2009-12-10 11:07:33 Notice: Notice (8): Undefined variable: accounts in [APP/views/accounts/view.ctp, line 7]
2009-12-10 11:07:33 Notice: Notice (8): Undefined variable: updates in [APP/views/accounts/view.ctp, line 17]
2009-12-10 11:07:33 Notice: Notice (8): Undefined variable: friends in [APP/views/accounts/view.ctp, line 18]
2009-12-10 11:07:53 Notice: Notice (8): Undefined variable: accounts in [APP/views/accounts/view.ctp, line 7]
2009-12-10 11:07:53 Notice: Notice (8): Undefined variable: updates in [APP/views/accounts/view.ctp, line 17]
2009-12-10 11:07:53 Notice: Notice (8): Undefined variable: friends in [APP/views/accounts/view.ctp, line 18]
2009-12-10 11:08:53 Notice: Notice (8): Undefined variable: accounts in [APP/views/accounts/view.ctp, line 7]
2009-12-10 11:08:53 Notice: Notice (8): Undefined variable: updates in [APP/views/accounts/view.ctp, line 17]
2009-12-10 11:08:53 Notice: Notice (8): Undefined variable: friends in [APP/views/accounts/view.ctp, line 18]
2009-12-10 11:09:06 Notice: Notice (8): Undefined variable: accounts in [APP/views/accounts/view.ctp, line 7]
2009-12-10 11:09:06 Notice: Notice (8): Undefined variable: updates in [APP/views/accounts/view.ctp, line 17]
2009-12-10 11:09:06 Notice: Notice (8): Undefined variable: friends in [APP/views/accounts/view.ctp, line 18]
2009-12-10 11:09:14 Notice: Notice (8): Undefined variable: accounts in [APP/views/accounts/view.ctp, line 7]
2009-12-10 11:09:14 Notice: Notice (8): Undefined variable: updates in [APP/views/accounts/view.ctp, line 17]
2009-12-10 11:09:14 Notice: Notice (8): Undefined variable: friends in [APP/views/accounts/view.ctp, line 18]
2009-12-10 11:09:27 Notice: Notice (8): Undefined variable: accounts in [APP/views/accounts/view.ctp, line 7]
2009-12-10 11:09:27 Notice: Notice (8): Undefined variable: updates in [APP/views/accounts/view.ctp, line 17]
2009-12-10 11:09:27 Notice: Notice (8): Undefined variable: friends in [APP/views/accounts/view.ctp, line 18]
2009-12-10 11:13:55 Notice: Notice (8): Undefined variable: accounts in [APP/views/accounts/view.ctp, line 7]
2009-12-10 11:13:55 Notice: Notice (8): Undefined variable: updates in [APP/views/accounts/view.ctp, line 28]
2009-12-10 11:13:55 Notice: Notice (8): Undefined variable: friends in [APP/views/accounts/view.ctp, line 29]
2009-12-10 11:14:09 Notice: Notice (8): Undefined variable: accounts in [APP/views/accounts/view.ctp, line 7]
2009-12-10 11:14:09 Notice: Notice (8): Undefined variable: updates in [APP/views/accounts/view.ctp, line 27]
2009-12-10 11:14:09 Notice: Notice (8): Undefined variable: friends in [APP/views/accounts/view.ctp, line 28]
2009-12-10 11:18:09 Notice: Notice (8): Undefined variable: accounts in [APP/views/accounts/view.ctp, line 7]
2009-12-10 11:18:09 Notice: Notice (8): Undefined variable: updates in [APP/views/accounts/view.ctp, line 27]
2009-12-10 11:18:09 Notice: Notice (8): Undefined variable: friends in [APP/views/accounts/view.ctp, line 28]
2009-12-10 11:18:13 Notice: Notice (8): Undefined variable: accounts in [APP/views/accounts/view.ctp, line 7]
2009-12-10 11:18:13 Notice: Notice (8): Undefined variable: updates in [APP/views/accounts/view.ctp, line 27]
2009-12-10 11:18:13 Notice: Notice (8): Undefined variable: friends in [APP/views/accounts/view.ctp, line 28]
2009-12-10 11:22:44 Notice: Notice (8): Undefined variable: accounts in [APP/views/accounts/view.ctp, line 7]
2009-12-10 11:22:44 Notice: Notice (8): Undefined variable: updates in [APP/views/accounts/view.ctp, line 28]
2009-12-10 11:22:44 Notice: Notice (8): Undefined variable: friends in [APP/views/accounts/view.ctp, line 29]
2009-12-10 11:23:20 Notice: Notice (8): Undefined variable: accounts in [APP/views/accounts/view.ctp, line 7]
2009-12-10 11:23:20 Notice: Notice (8): Undefined variable: updates in [APP/views/accounts/view.ctp, line 28]
2009-12-10 11:23:20 Notice: Notice (8): Undefined variable: friends in [APP/views/accounts/view.ctp, line 29]
2009-12-10 11:24:13 Notice: Notice (8): Undefined variable: accounts in [APP/views/accounts/view.ctp, line 7]
2009-12-10 11:24:13 Notice: Notice (8): Undefined variable: updates in [APP/views/accounts/view.ctp, line 28]
2009-12-10 11:24:13 Notice: Notice (8): Undefined variable: friends in [APP/views/accounts/view.ctp, line 29]
2009-12-10 11:25:28 Notice: Notice (8): Undefined variable: accounts in [APP/views/accounts/view.ctp, line 7]
2009-12-10 11:25:28 Notice: Notice (8): Undefined variable: updates in [APP/views/accounts/view.ctp, line 28]
2009-12-10 11:25:28 Notice: Notice (8): Undefined variable: friends in [APP/views/accounts/view.ctp, line 29]
2009-12-10 11:29:46 Notice: Notice (8): Undefined variable: updates in [APP/views/accounts/view.ctp, line 28]
2009-12-10 11:29:46 Notice: Notice (8): Undefined variable: friends in [APP/views/accounts/view.ctp, line 29]
2009-12-10 11:31:57 Notice: Notice (8): Undefined variable: updates in [APP/views/accounts/view.ctp, line 22]
2009-12-10 11:31:57 Notice: Notice (8): Undefined variable: friends in [APP/views/accounts/view.ctp, line 23]
2009-12-10 11:32:31 Notice: Notice (8): Undefined variable: updates in [APP/views/accounts/view.ctp, line 22]
2009-12-10 11:32:31 Notice: Notice (8): Undefined variable: friends in [APP/views/accounts/view.ctp, line 23]
2009-12-10 11:32:39 Notice: Notice (8): Undefined variable: updates in [APP/views/accounts/view.ctp, line 22]
2009-12-10 11:32:39 Notice: Notice (8): Undefined variable: friends in [APP/views/accounts/view.ctp, line 23]
2009-12-10 11:37:06 Notice: Notice (8): Undefined variable: updates in [APP/views/accounts/view.ctp, line 22]
2009-12-10 11:37:06 Notice: Notice (8): Undefined variable: profile in [APP/views/accounts/view.ctp, line 23]
2009-12-10 11:37:06 Notice: Notice (8): Undefined variable: friends in [APP/views/accounts/view.ctp, line 24]
2009-12-10 11:37:16 Notice: Notice (8): Undefined variable: updates in [APP/views/accounts/view.ctp, line 22]
2009-12-10 11:37:16 Notice: Notice (8): Undefined variable: profile in [APP/views/accounts/view.ctp, line 23]
2009-12-10 11:37:16 Notice: Notice (8): Undefined variable: friends in [APP/views/accounts/view.ctp, line 24]
2009-12-10 11:37:26 Notice: Notice (8): Undefined variable: updates in [APP/views/accounts/view.ctp, line 22]
2009-12-10 11:37:26 Notice: Notice (8): Undefined variable: profile in [APP/views/accounts/view.ctp, line 23]
2009-12-10 11:37:27 Notice: Notice (8): Undefined variable: friends in [APP/views/accounts/view.ctp, line 24]
2009-12-10 11:37:44 Notice: Notice (8): Undefined variable: update in [APP/views/accounts/view.ctp, line 22]
2009-12-10 11:37:44 Notice: Notice (8): Undefined variable: profile in [APP/views/accounts/view.ctp, line 23]
2009-12-10 11:37:44 Notice: Notice (8): Undefined variable: friends in [APP/views/accounts/view.ctp, line 24]
2009-12-10 11:38:38 Notice: Notice (8): Undefined variable: update in [APP/views/accounts/view.ctp, line 22]
2009-12-10 11:38:38 Notice: Notice (8): Undefined variable: profile in [APP/views/accounts/view.ctp, line 23]
2009-12-10 11:38:38 Notice: Notice (8): Undefined variable: friends in [APP/views/accounts/view.ctp, line 24]
2009-12-10 11:48:14 Notice: Notice (8): Undefined variable: update in [APP/views/accounts/view.ctp, line 22]
2009-12-10 11:48:14 Notice: Notice (8): Undefined variable: profile in [APP/views/accounts/view.ctp, line 23]
2009-12-10 11:48:14 Notice: Notice (8): Undefined variable: friends in [APP/views/accounts/view.ctp, line 24]
2009-12-10 11:55:57 Notice: Notice (8): Undefined variable: profile in [APP/views/accounts/view.ctp, line 23]
2009-12-10 11:55:57 Notice: Notice (8): Undefined variable: friends in [APP/views/accounts/view.ctp, line 24]
2009-12-10 11:56:12 Notice: Notice (8): Undefined variable: status in [APP/controllers/accounts_controller.php, line 125]
2009-12-10 11:56:13 Notice: Notice (8): Undefined variable: profile in [APP/views/accounts/view.ctp, line 23]
2009-12-10 11:56:13 Notice: Notice (8): Undefined variable: friends in [APP/views/accounts/view.ctp, line 24]
2009-12-10 11:57:33 Notice: Notice (8): Undefined variable: profile in [APP/views/accounts/view.ctp, line 23]
2009-12-10 11:57:33 Notice: Notice (8): Undefined variable: friends in [APP/views/accounts/view.ctp, line 24]
2009-12-10 11:57:35 Notice: Notice (8): Undefined variable: status in [APP/controllers/accounts_controller.php, line 125]
2009-12-10 11:59:01 Notice: Notice (8): Undefined variable: profile in [APP/views/accounts/view.ctp, line 23]
2009-12-10 11:59:01 Notice: Notice (8): Undefined variable: friends in [APP/views/accounts/view.ctp, line 24]
2009-12-10 11:59:03 Notice: Notice (8): Undefined variable: status in [APP/controllers/accounts_controller.php, line 125]
2009-12-10 12:04:08 Notice: Notice (8): Undefined variable: profile in [APP/views/accounts/view.ctp, line 23]
2009-12-10 12:04:08 Notice: Notice (8): Undefined variable: friends in [APP/views/accounts/view.ctp, line 24]
2009-12-10 12:04:17 Notice: Notice (8): Undefined variable: status in [APP/controllers/accounts_controller.php, line 125]
2009-12-10 12:08:21 Notice: Notice (8): Undefined variable: profile in [APP/views/accounts/view.ctp, line 23]
2009-12-10 12:08:21 Notice: Notice (8): Undefined variable: friends in [APP/views/accounts/view.ctp, line 24]
2009-12-10 12:08:27 Notice: Notice (8): Undefined variable: status in [APP/controllers/accounts_controller.php, line 128]
2009-12-10 12:09:09 Notice: Notice (8): Undefined variable: profile in [APP/views/accounts/view.ctp, line 23]
2009-12-10 12:09:09 Notice: Notice (8): Undefined variable: friends in [APP/views/accounts/view.ctp, line 24]
2009-12-10 12:10:33 Notice: Notice (8): Undefined variable: profile in [APP/views/accounts/view.ctp, line 23]
2009-12-10 12:10:33 Notice: Notice (8): Undefined variable: friends in [APP/views/accounts/view.ctp, line 24]
2009-12-10 12:11:35 Notice: Notice (8): Undefined variable: profile in [APP/views/accounts/view.ctp, line 23]
2009-12-10 12:11:35 Notice: Notice (8): Undefined variable: friends in [APP/views/accounts/view.ctp, line 24]
2009-12-10 12:11:57 Notice: Notice (8): Undefined variable: profile in [APP/views/accounts/view.ctp, line 23]
2009-12-10 12:11:57 Notice: Notice (8): Undefined variable: friends in [APP/views/accounts/view.ctp, line 24]
2009-12-10 12:19:39 Notice: Notice (8): Undefined index: name in [APP/controllers/components/twitter.php, line 96]
2009-12-10 12:19:39 Notice: Notice (8): Undefined index: description in [APP/controllers/components/twitter.php, line 97]
2009-12-10 12:19:39 Notice: Notice (8): Undefined index: friends_count in [APP/controllers/components/twitter.php, line 98]
2009-12-10 12:19:39 Notice: Notice (8): Undefined index: url in [APP/controllers/components/twitter.php, line 99]
2009-12-10 12:19:39 Notice: Notice (8): Undefined index: location in [APP/controllers/components/twitter.php, line 100]
2009-12-10 12:19:39 Notice: Notice (8): Undefined index: profile_image_url in [APP/controllers/components/twitter.php, line 102]
2009-12-10 12:19:40 Notice: Notice (8): Undefined variable: friends in [APP/views/accounts/view.ctp, line 24]
2009-12-10 12:19:59 Notice: Notice (8): Undefined index: name in [APP/controllers/components/twitter.php, line 96]
2009-12-10 12:19:59 Notice: Notice (8): Undefined index: description in [APP/controllers/components/twitter.php, line 97]
2009-12-10 12:19:59 Notice: Notice (8): Undefined index: friends_count in [APP/controllers/components/twitter.php, line 98]
2009-12-10 12:19:59 Notice: Notice (8): Undefined index: url in [APP/controllers/components/twitter.php, line 99]
2009-12-10 12:19:59 Notice: Notice (8): Undefined index: location in [APP/controllers/components/twitter.php, line 100]
2009-12-10 12:19:59 Notice: Notice (8): Undefined index: profile_image_url in [APP/controllers/components/twitter.php, line 102]
2009-12-10 12:19:59 Notice: Notice (8): Undefined variable: friends in [APP/views/accounts/view.ctp, line 24]
2009-12-10 12:21:53 Notice: Notice (8): Undefined index: oauth_token_secret in [APP/controllers/accounts_controller.php, line 71]
2009-12-10 12:23:54 Notice: Notice (8): Undefined index: oauth_token_secret in [APP/controllers/accounts_controller.php, line 69]
2009-12-10 12:24:23 Notice: Notice (8): Undefined variable: friends in [APP/views/accounts/view.ctp, line 24]
2009-12-10 12:25:04 Notice: Notice (8): Undefined variable: friends in [APP/views/accounts/view.ctp, line 24]
2009-12-10 12:25:37 Notice: Notice (8): Undefined variable: friends in [APP/views/accounts/view.ctp, line 24]
2009-12-10 12:29:40 Notice: Notice (8): Undefined variable: friends in [APP/views/accounts/view.ctp, line 24]
2009-12-10 12:29:57 Notice: Notice (8): Undefined variable: friends in [APP/views/accounts/view.ctp, line 24]
2009-12-10 13:00:40 Notice: Notice (8): Undefined variable: website in [APP/controllers/components/linked_in.php, line 109]
2009-12-10 13:17:13 Notice: Notice (8): Undefined offset: 1 in [APP/controllers/components/linked_in.php, line 136]
2009-12-10 13:17:28 Notice: Notice (8): Undefined offset: 1 in [APP/controllers/components/linked_in.php, line 137]
2009-12-10 13:22:06 Notice: Notice (8): Undefined offset: 1 in [APP/controllers/components/linked_in.php, line 136]
2009-12-10 13:23:04 Notice: Notice (8): Undefined offset: 1 in [APP/controllers/components/linked_in.php, line 136]
2009-12-10 13:25:31 Notice: Notice (8): Undefined offset: 1 in [APP/controllers/components/linked_in.php, line 136]
2009-12-10 13:25:40 Notice: Notice (8): Undefined offset: 1 in [APP/controllers/components/linked_in.php, line 136]
2009-12-10 13:26:09 Notice: Notice (8): Undefined offset: 1 in [APP/controllers/components/linked_in.php, line 136]
2009-12-10 13:26:58 Notice: Notice (8): Undefined offset: 1 in [APP/controllers/components/linked_in.php, line 136]
2009-12-10 13:33:06 Notice: Notice (8): Undefined variable: oauth_header in [APP/controllers/components/networkoauth.php, line 184]
2009-12-10 13:47:44 Notice: Notice (8): Undefined index: oauth_verifier in [APP/controllers/accounts_controller.php, line 165]
