2009-11-15 19:38:42 Warning: Warning (2): mysql_select_db() expects at least 1 parameter, 0 given in [APP/app_error.php, line 62]
2009-11-16 19:32:46 Warning: Warning (2): array_merge() [http://php.net/function.array-merge]: Argument #2 is not an array in [CORE/cake/libs/view/helpers/form.php, line 581]
2009-11-17 14:04:42 Warning: Warning (2): Missing argument 1 for AccountsController::delete(), called in /Users/V2/Sites/final637/trunk/root/cake/libs/object.php on line 116 and defined in [APP/controllers/accounts_controller.php, line 79]
2009-11-17 14:12:33 Warning: Warning (2): Missing argument 1 for AccountsController::generateNetworkInfo(), called in /Users/V2/Sites/final637/trunk/root/app/controllers/accounts_controller.php on line 31 and defined in [APP/controllers/accounts_controller.php, line 100]
2009-11-17 14:14:41 Warning: Warning (2): Missing argument 1 for AccountsController::generateNetworkInfo(), called in /Users/V2/Sites/final637/trunk/root/app/controllers/accounts_controller.php on line 31 and defined in [APP/controllers/accounts_controller.php, line 100]
2009-11-17 14:28:38 Warning: Warning (2): Missing argument 1 for AccountsController::generateNetworkInfo(), called in /Users/V2/Sites/final637/trunk/root/app/controllers/accounts_controller.php on line 31 and defined in [APP/controllers/accounts_controller.php, line 100]
2009-11-17 14:28:51 Warning: Warning (512): <span style = "color:Red;text-align:left"><b>SQL Error:</b> 1064: You have an error in your SQL syntax; check the manual that corresponds to your MySQL server version for the right syntax to use near '1' at line 1</span> in [CORE/cake/libs/model/datasources/dbo_source.php, line 525]
2009-11-17 14:29:19 Warning: Warning (2): Missing argument 1 for AccountsController::delete(), called in /Users/V2/Sites/final637/trunk/root/cake/libs/object.php on line 116 and defined in [APP/controllers/accounts_controller.php, line 46]
2009-11-17 14:33:17 Warning: Warning (2): Missing argument 1 for AccountsController::view(), called in /Users/V2/Sites/final637/trunk/root/cake/libs/object.php on line 116 and defined in [APP/controllers/accounts_controller.php, line 26]
2009-11-17 14:33:17 Warning: Warning (2): Missing argument 1 for AccountsController::view(), called in /Users/V2/Sites/final637/trunk/root/cake/libs/object.php on line 116 and defined in [APP/controllers/accounts_controller.php, line 26]
2009-11-17 14:33:53 Warning: Warning (2): Missing argument 1 for AccountsController::view(), called in /Users/V2/Sites/final637/trunk/root/cake/libs/object.php on line 116 and defined in [APP/controllers/accounts_controller.php, line 26]
2009-11-17 15:49:04 Warning: Warning (2): Missing argument 1 for AccountsController::create(), called in /Users/V2/Sites/final637/trunk/root/cake/libs/object.php on line 116 and defined in [APP/controllers/accounts_controller.php, line 49]
2009-11-17 15:49:05 Warning: Warning (512): <span style = "color:Red;text-align:left"><b>SQL Error:</b> 1064: You have an error in your SQL syntax; check the manual that corresponds to your MySQL server version for the right syntax to use near 'LIMIT 1' at line 1</span> in [CORE/cake/libs/model/datasources/dbo_source.php, line 525]
2009-11-17 15:49:05 Warning: Warning (2): Cannot modify header information - headers already sent by (output started at /Users/V2/Sites/final637/trunk/root/cake/libs/debugger.php:505) in [CORE/cake/libs/controller/controller.php, line 644]
2009-11-17 15:51:06 Warning: Warning (2): Missing argument 1 for AccountsController::create(), called in /Users/V2/Sites/final637/trunk/root/cake/libs/object.php on line 116 and defined in [APP/controllers/accounts_controller.php, line 49]
2009-11-17 15:51:06 Warning: Warning (512): <span style = "color:Red;text-align:left"><b>SQL Error:</b> 1064: You have an error in your SQL syntax; check the manual that corresponds to your MySQL server version for the right syntax to use near 'LIMIT 1' at line 1</span> in [CORE/cake/libs/model/datasources/dbo_source.php, line 525]
2009-11-17 15:51:06 Warning: Warning (2): Cannot modify header information - headers already sent by (output started at /Users/V2/Sites/final637/trunk/root/cake/libs/debugger.php:505) in [CORE/cake/libs/controller/controller.php, line 644]
2009-11-17 15:55:45 Warning: Warning (2): Cannot modify header information - headers already sent by (output started at /Users/V2/Sites/final637/trunk/root/cake/basics.php:307) in [CORE/cake/libs/controller/controller.php, line 644]
2009-11-17 15:58:08 Warning: Warning (2): Cannot modify header information - headers already sent by (output started at /Users/V2/Sites/final637/trunk/root/cake/basics.php:307) in [CORE/cake/libs/controller/controller.php, line 644]
2009-11-17 15:58:34 Warning: Warning (512): <span style = "color:Red;text-align:left"><b>SQL Error:</b> 1062: Duplicate entry '2-2' for key 'PRIMARY'</span> in [CORE/cake/libs/model/datasources/dbo_source.php, line 525]
2009-11-17 15:58:34 Warning: Warning (2): Cannot modify header information - headers already sent by (output started at /Users/V2/Sites/final637/trunk/root/cake/basics.php:307) in [CORE/cake/libs/controller/controller.php, line 644]
2009-11-17 15:58:56 Warning: Warning (512): <span style = "color:Red;text-align:left"><b>SQL Error:</b> 1062: Duplicate entry '2-2' for key 'PRIMARY'</span> in [CORE/cake/libs/model/datasources/dbo_source.php, line 525]
2009-11-17 15:59:55 Warning: Warning (512): <span style = "color:Red;text-align:left"><b>SQL Error:</b> 1062: Duplicate entry '2-2' for key 'PRIMARY'</span> in [CORE/cake/libs/model/datasources/dbo_source.php, line 525]
2009-11-17 16:00:47 Warning: Warning (512): <span style = "color:Red;text-align:left"><b>SQL Error:</b> 1064: You have an error in your SQL syntax; check the manual that corresponds to your MySQL server version for the right syntax to use near 'AND accountid =' at line 1</span> in [CORE/cake/libs/model/datasources/dbo_source.php, line 525]
2009-11-17 16:00:47 Warning: Warning (2): Missing argument 1 for TwitterComponent::getFriends(), called in /Users/V2/Sites/final637/trunk/root/app/controllers/accounts_controller.php on line 41 and defined in [APP/controllers/components/twitter.php, line 31]
2009-11-17 16:00:47 Warning: Warning (2): Missing argument 1 for TwitterComponent::getPosts(), called in /Users/V2/Sites/final637/trunk/root/app/controllers/accounts_controller.php on line 42 and defined in [APP/controllers/components/twitter.php, line 42]
2009-11-17 16:00:47 Warning: Warning (4096): Object of class stdClass could not be converted to string in [APP/views/elements/content.ctp, line 6]
2009-11-17 16:00:48 Warning: Warning (512): <span style = "color:Red;text-align:left"><b>SQL Error:</b> 1064: You have an error in your SQL syntax; check the manual that corresponds to your MySQL server version for the right syntax to use near 'AND accountid =' at line 1</span> in [CORE/cake/libs/model/datasources/dbo_source.php, line 525]
2009-11-17 16:00:48 Warning: Warning (2): Missing argument 1 for TwitterComponent::getFriends(), called in /Users/V2/Sites/final637/trunk/root/app/controllers/accounts_controller.php on line 41 and defined in [APP/controllers/components/twitter.php, line 31]
2009-11-17 16:00:48 Warning: Warning (2): Missing argument 1 for TwitterComponent::getPosts(), called in /Users/V2/Sites/final637/trunk/root/app/controllers/accounts_controller.php on line 42 and defined in [APP/controllers/components/twitter.php, line 42]
2009-11-17 16:00:48 Warning: Warning (4096): Object of class stdClass could not be converted to string in [APP/views/elements/content.ctp, line 6]
2009-11-17 16:01:48 Warning: Warning (512): <span style = "color:Red;text-align:left"><b>SQL Error:</b> 1064: You have an error in your SQL syntax; check the manual that corresponds to your MySQL server version for the right syntax to use near '' at line 1</span> in [CORE/cake/libs/model/datasources/dbo_source.php, line 525]
2009-11-17 16:01:48 Warning: Warning (2): Missing argument 1 for TwitterComponent::getFriends(), called in /Users/V2/Sites/final637/trunk/root/app/controllers/accounts_controller.php on line 42 and defined in [APP/controllers/components/twitter.php, line 31]
2009-11-17 16:01:49 Warning: Warning (2): Missing argument 1 for TwitterComponent::getPosts(), called in /Users/V2/Sites/final637/trunk/root/app/controllers/accounts_controller.php on line 43 and defined in [APP/controllers/components/twitter.php, line 42]
2009-11-17 16:01:49 Warning: Warning (4096): Object of class stdClass could not be converted to string in [APP/views/elements/content.ctp, line 6]
2009-11-17 16:02:13 Warning: Warning (2): Missing argument 1 for TwitterComponent::getFriends(), called in /Users/V2/Sites/final637/trunk/root/app/controllers/accounts_controller.php on line 42 and defined in [APP/controllers/components/twitter.php, line 31]
2009-11-17 16:02:13 Warning: Warning (2): Missing argument 1 for TwitterComponent::getPosts(), called in /Users/V2/Sites/final637/trunk/root/app/controllers/accounts_controller.php on line 43 and defined in [APP/controllers/components/twitter.php, line 42]
2009-11-17 16:02:14 Warning: Warning (4096): Object of class stdClass could not be converted to string in [APP/views/elements/content.ctp, line 6]
2009-11-17 16:02:56 Warning: Warning (4096): Object of class stdClass could not be converted to string in [APP/views/elements/content.ctp, line 6]
2009-11-17 16:03:09 Warning: Warning (4096): Object of class stdClass could not be converted to string in [APP/views/elements/content.ctp, line 6]
2009-11-17 16:03:33 Warning: Warning (4096): Object of class stdClass could not be converted to string in [APP/views/elements/content.ctp, line 6]
2009-11-17 16:05:08 Warning: Warning (4096): Object of class stdClass could not be converted to string in [APP/views/accounts/view.ctp, line 17]
2009-11-17 16:09:03 Warning: Warning (4096): Object of class stdClass could not be converted to string in [APP/views/accounts/view.ctp, line 17]
2009-11-17 16:20:26 Warning: Warning (512): <span style = "color:Red;text-align:left"><b>SQL Error:</b> 1062: Duplicate entry '4-2' for key 'PRIMARY'</span> in [CORE/cake/libs/model/datasources/dbo_source.php, line 525]
2009-11-17 16:20:46 Warning: Warning (512): <span style = "color:Red;text-align:left"><b>SQL Error:</b> 1062: Duplicate entry '4-2' for key 'PRIMARY'</span> in [CORE/cake/libs/model/datasources/dbo_source.php, line 525]
2009-11-17 16:21:35 Warning: Warning (2): Missing argument 1 for AccountsController::create(), called in /Users/V2/Sites/final637/trunk/root/cake/libs/object.php on line 116 and defined in [APP/controllers/accounts_controller.php, line 50]
2009-11-17 16:21:35 Warning: Warning (512): <span style = "color:Red;text-align:left"><b>SQL Error:</b> 1064: You have an error in your SQL syntax; check the manual that corresponds to your MySQL server version for the right syntax to use near 'LIMIT 1' at line 1</span> in [CORE/cake/libs/model/datasources/dbo_source.php, line 525]
2009-11-17 16:21:35 Warning: Warning (2): Cannot modify header information - headers already sent by (output started at /Users/V2/Sites/final637/trunk/root/cake/libs/debugger.php:505) in [CORE/cake/libs/controller/controller.php, line 644]
2009-11-17 16:21:54 Warning: Warning (512): <span style = "color:Red;text-align:left"><b>SQL Error:</b> 1062: Duplicate entry '3-2' for key 'PRIMARY'</span> in [CORE/cake/libs/model/datasources/dbo_source.php, line 525]
2009-11-17 16:22:06 Warning: Warning (512): <span style = "color:Red;text-align:left"><b>SQL Error:</b> 1062: Duplicate entry '3-2' for key 'PRIMARY'</span> in [CORE/cake/libs/model/datasources/dbo_source.php, line 525]
2009-11-17 16:22:22 Warning: Warning (512): <span style = "color:Red;text-align:left"><b>SQL Error:</b> 1062: Duplicate entry '4-2' for key 'PRIMARY'</span> in [CORE/cake/libs/model/datasources/dbo_source.php, line 525]
2009-11-17 16:23:00 Warning: Warning (512): <span style = "color:Red;text-align:left"><b>SQL Error:</b> 1062: Duplicate entry '4-2' for key 'PRIMARY'</span> in [CORE/cake/libs/model/datasources/dbo_source.php, line 525]
2009-12-09 13:05:54 Warning: Warning (512): <span style = "color:Red;text-align:left"><b>SQL Error:</b> 1054: Unknown column 'Account.aid' in 'where clause'</span> in [CORE/cake/libs/model/datasources/dbo_source.php, line 525]
2009-12-09 13:05:59 Warning: Warning (512): <span style = "color:Red;text-align:left"><b>SQL Error:</b> 1054: Unknown column 'Account.aid' in 'where clause'</span> in [CORE/cake/libs/model/datasources/dbo_source.php, line 525]
2009-12-09 13:06:01 Warning: Warning (512): <span style = "color:Red;text-align:left"><b>SQL Error:</b> 1054: Unknown column 'Account.aid' in 'where clause'</span> in [CORE/cake/libs/model/datasources/dbo_source.php, line 525]
2009-12-09 17:40:29 Warning: Warning (2): include_once(../../models/account.php) [http://php.net/function.include-once]: failed to open stream: No such file or directory in [APP/controllers/components/snpapi.php, line 3]
2009-12-09 17:40:29 Warning: Warning (2): include_once() [http://php.net/function.include]: Failed opening '../../models/account.php' for inclusion (include_path='/Users/V2/Sites/final637/trunk/root:/Users/V2/Sites/final637/trunk/root/app/:.:/usr/lib/php') in [APP/controllers/components/snpapi.php, line 3]
2009-12-09 17:40:29 Warning: Warning (2): Cannot modify header information - headers already sent by (output started at /Users/V2/Sites/final637/trunk/root/cake/basics.php:307) in [CORE/cake/libs/controller/controller.php, line 644]
2009-12-09 23:42:57 Warning: Warning (2): Missing argument 1 for AccountsController::callback(), called in /Users/V2/Sites/final637/trunk/root/cake/libs/object.php on line 116 and defined in [APP/controllers/accounts_controller.php, line 112]
2009-12-09 23:42:57 Warning: Warning (2): Missing argument 2 for AccountsController::callback(), called in /Users/V2/Sites/final637/trunk/root/cake/libs/object.php on line 116 and defined in [APP/controllers/accounts_controller.php, line 112]
2009-12-09 23:42:57 Warning: Warning (2): Cannot modify header information - headers already sent by (output started at /Users/V2/Sites/final637/trunk/root/cake/basics.php:307) in [CORE/cake/libs/controller/controller.php, line 644]
2009-12-10 09:34:41 Warning: Warning (2): Missing argument 1 for AccountsController::view(), called in /Users/V2/Sites/final637/trunk/root/cake/libs/object.php on line 116 and defined in [APP/controllers/accounts_controller.php, line 45]
2009-12-10 09:48:00 Warning: Warning (2): json_encode() [http://php.net/function.json-encode]: recursion detected in [/usr/lib/php/FirePHPCore/FirePHP.class.php, line 970]
2009-12-10 09:51:36 Warning: Warning (2): json_encode() [http://php.net/function.json-encode]: recursion detected in [/usr/lib/php/FirePHPCore/FirePHP.class.php, line 970]
2009-12-10 09:51:39 Warning: Warning (2): json_encode() [http://php.net/function.json-encode]: recursion detected in [/usr/lib/php/FirePHPCore/FirePHP.class.php, line 970]
2009-12-10 09:52:04 Warning: Warning (2): json_encode() [http://php.net/function.json-encode]: recursion detected in [/usr/lib/php/FirePHPCore/FirePHP.class.php, line 970]
2009-12-10 09:52:19 Warning: Warning (2): json_encode() [http://php.net/function.json-encode]: recursion detected in [/usr/lib/php/FirePHPCore/FirePHP.class.php, line 970]
2009-12-10 09:52:41 Warning: Warning (2): json_encode() [http://php.net/function.json-encode]: recursion detected in [/usr/lib/php/FirePHPCore/FirePHP.class.php, line 970]
2009-12-10 09:56:14 Warning: Warning (2): json_encode() [http://php.net/function.json-encode]: recursion detected in [/usr/lib/php/FirePHPCore/FirePHP.class.php, line 970]
2009-12-10 09:56:28 Warning: Warning (2): json_encode() [http://php.net/function.json-encode]: recursion detected in [/usr/lib/php/FirePHPCore/FirePHP.class.php, line 970]
2009-12-10 10:07:33 Warning: Warning (2): json_encode() [http://php.net/function.json-encode]: recursion detected in [/usr/lib/php/FirePHPCore/FirePHP.class.php, line 970]
2009-12-10 10:08:20 Warning: Warning (2): json_encode() [http://php.net/function.json-encode]: recursion detected in [/usr/lib/php/FirePHPCore/FirePHP.class.php, line 970]
2009-12-10 10:08:26 Warning: Warning (2): json_encode() [http://php.net/function.json-encode]: recursion detected in [/usr/lib/php/FirePHPCore/FirePHP.class.php, line 970]
2009-12-10 10:08:34 Warning: Warning (2): json_encode() [http://php.net/function.json-encode]: recursion detected in [/usr/lib/php/FirePHPCore/FirePHP.class.php, line 970]
2009-12-10 10:08:38 Warning: Warning (2): json_encode() [http://php.net/function.json-encode]: recursion detected in [/usr/lib/php/FirePHPCore/FirePHP.class.php, line 970]
2009-12-10 10:13:59 Warning: Warning (2): implode() [http://php.net/function.implode]: Invalid arguments passed in [APP/views/accounts/view.ctp, line 17]
2009-12-10 10:13:59 Warning: Warning (2): implode() [http://php.net/function.implode]: Invalid arguments passed in [APP/views/accounts/view.ctp, line 18]
2009-12-10 10:13:59 Warning: Warning (2): implode() [http://php.net/function.implode]: Invalid arguments passed in [APP/views/accounts/view.ctp, line 17]
2009-12-10 10:13:59 Warning: Warning (2): implode() [http://php.net/function.implode]: Invalid arguments passed in [APP/views/accounts/view.ctp, line 18]
2009-12-10 10:14:14 Warning: Warning (2): implode() [http://php.net/function.implode]: Invalid arguments passed in [APP/views/accounts/view.ctp, line 17]
2009-12-10 10:14:14 Warning: Warning (2): implode() [http://php.net/function.implode]: Invalid arguments passed in [APP/views/accounts/view.ctp, line 18]
2009-12-10 10:14:37 Warning: Warning (2): implode() [http://php.net/function.implode]: Invalid arguments passed in [APP/views/accounts/view.ctp, line 17]
2009-12-10 10:14:37 Warning: Warning (2): implode() [http://php.net/function.implode]: Invalid arguments passed in [APP/views/accounts/view.ctp, line 18]
2009-12-10 10:14:50 Warning: Warning (2): implode() [http://php.net/function.implode]: Invalid arguments passed in [APP/views/accounts/view.ctp, line 17]
2009-12-10 10:14:50 Warning: Warning (2): implode() [http://php.net/function.implode]: Invalid arguments passed in [APP/views/accounts/view.ctp, line 18]
2009-12-10 10:57:05 Warning: Warning (2): implode() [http://php.net/function.implode]: Invalid arguments passed in [APP/views/accounts/view.ctp, line 17]
2009-12-10 10:57:05 Warning: Warning (2): implode() [http://php.net/function.implode]: Invalid arguments passed in [APP/views/accounts/view.ctp, line 18]
2009-12-10 10:58:39 Warning: Warning (2): implode() [http://php.net/function.implode]: Invalid arguments passed in [APP/views/accounts/view.ctp, line 17]
2009-12-10 10:58:39 Warning: Warning (2): implode() [http://php.net/function.implode]: Invalid arguments passed in [APP/views/accounts/view.ctp, line 18]
2009-12-10 10:59:24 Warning: Warning (2): implode() [http://php.net/function.implode]: Invalid arguments passed in [APP/views/accounts/view.ctp, line 17]
2009-12-10 10:59:24 Warning: Warning (2): implode() [http://php.net/function.implode]: Invalid arguments passed in [APP/views/accounts/view.ctp, line 18]
2009-12-10 11:06:59 Warning: Warning (2): implode() [http://php.net/function.implode]: Invalid arguments passed in [APP/views/accounts/view.ctp, line 17]
2009-12-10 11:06:59 Warning: Warning (2): implode() [http://php.net/function.implode]: Invalid arguments passed in [APP/views/accounts/view.ctp, line 18]
2009-12-10 11:07:03 Warning: Warning (2): implode() [http://php.net/function.implode]: Invalid arguments passed in [APP/views/accounts/view.ctp, line 17]
2009-12-10 11:07:03 Warning: Warning (2): implode() [http://php.net/function.implode]: Invalid arguments passed in [APP/views/accounts/view.ctp, line 18]
2009-12-10 11:07:33 Warning: Warning (2): implode() [http://php.net/function.implode]: Invalid arguments passed in [APP/views/accounts/view.ctp, line 17]
2009-12-10 11:07:33 Warning: Warning (2): implode() [http://php.net/function.implode]: Invalid arguments passed in [APP/views/accounts/view.ctp, line 18]
2009-12-10 11:07:53 Warning: Warning (2): implode() [http://php.net/function.implode]: Invalid arguments passed in [APP/views/accounts/view.ctp, line 17]
2009-12-10 11:07:53 Warning: Warning (2): implode() [http://php.net/function.implode]: Invalid arguments passed in [APP/views/accounts/view.ctp, line 18]
2009-12-10 11:08:53 Warning: Warning (2): implode() [http://php.net/function.implode]: Invalid arguments passed in [APP/views/accounts/view.ctp, line 17]
2009-12-10 11:08:53 Warning: Warning (2): implode() [http://php.net/function.implode]: Invalid arguments passed in [APP/views/accounts/view.ctp, line 18]
2009-12-10 11:09:06 Warning: Warning (2): implode() [http://php.net/function.implode]: Invalid arguments passed in [APP/views/accounts/view.ctp, line 17]
2009-12-10 11:09:06 Warning: Warning (2): implode() [http://php.net/function.implode]: Invalid arguments passed in [APP/views/accounts/view.ctp, line 18]
2009-12-10 11:09:14 Warning: Warning (2): implode() [http://php.net/function.implode]: Invalid arguments passed in [APP/views/accounts/view.ctp, line 17]
2009-12-10 11:09:14 Warning: Warning (2): implode() [http://php.net/function.implode]: Invalid arguments passed in [APP/views/accounts/view.ctp, line 18]
2009-12-10 11:09:27 Warning: Warning (2): implode() [http://php.net/function.implode]: Invalid arguments passed in [APP/views/accounts/view.ctp, line 17]
2009-12-10 11:09:27 Warning: Warning (2): implode() [http://php.net/function.implode]: Invalid arguments passed in [APP/views/accounts/view.ctp, line 18]
2009-12-10 11:13:55 Warning: Warning (2): implode() [http://php.net/function.implode]: Invalid arguments passed in [APP/views/accounts/view.ctp, line 28]
2009-12-10 11:13:55 Warning: Warning (2): implode() [http://php.net/function.implode]: Invalid arguments passed in [APP/views/accounts/view.ctp, line 29]
2009-12-10 11:14:09 Warning: Warning (2): implode() [http://php.net/function.implode]: Invalid arguments passed in [APP/views/accounts/view.ctp, line 27]
2009-12-10 11:14:09 Warning: Warning (2): implode() [http://php.net/function.implode]: Invalid arguments passed in [APP/views/accounts/view.ctp, line 28]
2009-12-10 11:18:09 Warning: Warning (2): implode() [http://php.net/function.implode]: Invalid arguments passed in [APP/views/accounts/view.ctp, line 27]
2009-12-10 11:18:09 Warning: Warning (2): implode() [http://php.net/function.implode]: Invalid arguments passed in [APP/views/accounts/view.ctp, line 28]
2009-12-10 11:18:13 Warning: Warning (2): implode() [http://php.net/function.implode]: Invalid arguments passed in [APP/views/accounts/view.ctp, line 27]
2009-12-10 11:18:13 Warning: Warning (2): implode() [http://php.net/function.implode]: Invalid arguments passed in [APP/views/accounts/view.ctp, line 28]
2009-12-10 11:22:44 Warning: Warning (2): implode() [http://php.net/function.implode]: Invalid arguments passed in [APP/views/accounts/view.ctp, line 28]
2009-12-10 11:22:44 Warning: Warning (2): implode() [http://php.net/function.implode]: Invalid arguments passed in [APP/views/accounts/view.ctp, line 29]
2009-12-10 11:23:20 Warning: Warning (2): implode() [http://php.net/function.implode]: Invalid arguments passed in [APP/views/accounts/view.ctp, line 28]
2009-12-10 11:23:20 Warning: Warning (2): implode() [http://php.net/function.implode]: Invalid arguments passed in [APP/views/accounts/view.ctp, line 29]
2009-12-10 11:24:13 Warning: Warning (2): implode() [http://php.net/function.implode]: Invalid arguments passed in [APP/views/accounts/view.ctp, line 28]
2009-12-10 11:24:13 Warning: Warning (2): implode() [http://php.net/function.implode]: Invalid arguments passed in [APP/views/accounts/view.ctp, line 29]
2009-12-10 11:25:28 Warning: Warning (2): implode() [http://php.net/function.implode]: Invalid arguments passed in [APP/views/accounts/view.ctp, line 28]
2009-12-10 11:25:28 Warning: Warning (2): implode() [http://php.net/function.implode]: Invalid arguments passed in [APP/views/accounts/view.ctp, line 29]
2009-12-10 11:29:46 Warning: Warning (2): implode() [http://php.net/function.implode]: Invalid arguments passed in [APP/views/accounts/view.ctp, line 28]
2009-12-10 11:29:46 Warning: Warning (2): implode() [http://php.net/function.implode]: Invalid arguments passed in [APP/views/accounts/view.ctp, line 29]
2009-12-10 11:31:57 Warning: Warning (2): implode() [http://php.net/function.implode]: Invalid arguments passed in [APP/views/accounts/view.ctp, line 22]
2009-12-10 11:31:57 Warning: Warning (2): implode() [http://php.net/function.implode]: Invalid arguments passed in [APP/views/accounts/view.ctp, line 23]
2009-12-10 11:32:31 Warning: Warning (2): implode() [http://php.net/function.implode]: Invalid arguments passed in [APP/views/accounts/view.ctp, line 22]
2009-12-10 11:32:31 Warning: Warning (2): implode() [http://php.net/function.implode]: Invalid arguments passed in [APP/views/accounts/view.ctp, line 23]
2009-12-10 11:32:39 Warning: Warning (2): implode() [http://php.net/function.implode]: Invalid arguments passed in [APP/views/accounts/view.ctp, line 22]
2009-12-10 11:32:39 Warning: Warning (2): implode() [http://php.net/function.implode]: Invalid arguments passed in [APP/views/accounts/view.ctp, line 23]
2009-12-10 11:37:06 Warning: Warning (2): implode() [http://php.net/function.implode]: Invalid arguments passed in [APP/views/accounts/view.ctp, line 22]
2009-12-10 11:37:06 Warning: Warning (2): implode() [http://php.net/function.implode]: Invalid arguments passed in [APP/views/accounts/view.ctp, line 23]
2009-12-10 11:37:06 Warning: Warning (2): implode() [http://php.net/function.implode]: Invalid arguments passed in [APP/views/accounts/view.ctp, line 24]
2009-12-10 11:37:16 Warning: Warning (2): implode() [http://php.net/function.implode]: Invalid arguments passed in [APP/views/accounts/view.ctp, line 22]
2009-12-10 11:37:16 Warning: Warning (2): implode() [http://php.net/function.implode]: Invalid arguments passed in [APP/views/accounts/view.ctp, line 23]
2009-12-10 11:37:17 Warning: Warning (2): implode() [http://php.net/function.implode]: Invalid arguments passed in [APP/views/accounts/view.ctp, line 24]
2009-12-10 11:37:26 Warning: Warning (2): implode() [http://php.net/function.implode]: Invalid arguments passed in [APP/views/accounts/view.ctp, line 22]
2009-12-10 11:37:27 Warning: Warning (2): implode() [http://php.net/function.implode]: Invalid arguments passed in [APP/views/accounts/view.ctp, line 23]
2009-12-10 11:37:27 Warning: Warning (2): implode() [http://php.net/function.implode]: Invalid arguments passed in [APP/views/accounts/view.ctp, line 24]
2009-12-10 11:37:44 Warning: Warning (2): implode() [http://php.net/function.implode]: Invalid arguments passed in [APP/views/accounts/view.ctp, line 23]
2009-12-10 11:37:44 Warning: Warning (2): implode() [http://php.net/function.implode]: Invalid arguments passed in [APP/views/accounts/view.ctp, line 24]
2009-12-10 11:38:38 Warning: Warning (2): implode() [http://php.net/function.implode]: Invalid arguments passed in [APP/views/accounts/view.ctp, line 24]
2009-12-10 11:48:14 Warning: Warning (2): implode() [http://php.net/function.implode]: Invalid arguments passed in [APP/views/accounts/view.ctp, line 24]
2009-12-10 11:55:57 Warning: Warning (2): implode() [http://php.net/function.implode]: Invalid arguments passed in [APP/views/accounts/view.ctp, line 24]
2009-12-10 11:56:13 Warning: Warning (2): implode() [http://php.net/function.implode]: Invalid arguments passed in [APP/views/accounts/view.ctp, line 24]
2009-12-10 11:57:33 Warning: Warning (2): implode() [http://php.net/function.implode]: Invalid arguments passed in [APP/views/accounts/view.ctp, line 24]
2009-12-10 11:59:01 Warning: Warning (2): implode() [http://php.net/function.implode]: Invalid arguments passed in [APP/views/accounts/view.ctp, line 24]
2009-12-10 12:04:08 Warning: Warning (2): implode() [http://php.net/function.implode]: Invalid arguments passed in [APP/views/accounts/view.ctp, line 24]
2009-12-10 12:08:21 Warning: Warning (2): implode() [http://php.net/function.implode]: Invalid arguments passed in [APP/views/accounts/view.ctp, line 24]
2009-12-10 12:09:09 Warning: Warning (2): implode() [http://php.net/function.implode]: Invalid arguments passed in [APP/views/accounts/view.ctp, line 24]
2009-12-10 12:10:33 Warning: Warning (2): implode() [http://php.net/function.implode]: Invalid arguments passed in [APP/views/accounts/view.ctp, line 24]
2009-12-10 12:11:35 Warning: Warning (2): implode() [http://php.net/function.implode]: Invalid arguments passed in [APP/views/accounts/view.ctp, line 24]
2009-12-10 12:11:57 Warning: Warning (2): implode() [http://php.net/function.implode]: Invalid arguments passed in [APP/views/accounts/view.ctp, line 24]
2009-12-10 12:19:39 Warning: Warning (2): Missing argument 1 for TwitterComponent::getProfile(), called in /Users/V2/Sites/final637/trunk/root/app/controllers/accounts_controller.php on line 85 and defined in [APP/controllers/components/twitter.php, line 94]
2009-12-10 12:19:40 Warning: Warning (2): implode() [http://php.net/function.implode]: Invalid arguments passed in [APP/views/accounts/view.ctp, line 24]
2009-12-10 12:19:59 Warning: Warning (2): implode() [http://php.net/function.implode]: Invalid arguments passed in [APP/views/accounts/view.ctp, line 24]
2009-12-10 12:24:23 Warning: Warning (2): implode() [http://php.net/function.implode]: Invalid arguments passed in [APP/views/accounts/view.ctp, line 24]
2009-12-10 12:25:04 Warning: Warning (2): implode() [http://php.net/function.implode]: Invalid arguments passed in [APP/views/accounts/view.ctp, line 24]
2009-12-10 12:25:37 Warning: Warning (2): implode() [http://php.net/function.implode]: Invalid arguments passed in [APP/views/accounts/view.ctp, line 24]
2009-12-10 12:29:40 Warning: Warning (2): implode() [http://php.net/function.implode]: Invalid arguments passed in [APP/views/accounts/view.ctp, line 24]
2009-12-10 13:00:17 Warning: Warning (4096): Object of class LinkedInComponent could not be converted to string in [APP/controllers/components/linked_in.php, line 102]
2009-12-10 13:17:13 Warning: Warning (2): preg_match() [http://php.net/function.preg-match]: Unknown modifier '[' in [APP/controllers/components/linked_in.php, line 135]
2009-12-10 13:17:28 Warning: Warning (2): preg_match() [http://php.net/function.preg-match]: Unknown modifier '[' in [APP/controllers/components/linked_in.php, line 136]
2009-12-10 13:22:06 Warning: Warning (2): preg_match() [http://php.net/function.preg-match]: Unknown modifier '[' in [APP/controllers/components/linked_in.php, line 135]
2009-12-10 13:23:04 Warning: Warning (2): preg_match() [http://php.net/function.preg-match]: Unknown modifier '[' in [APP/controllers/components/linked_in.php, line 135]
2009-12-10 13:25:31 Warning: Warning (2): preg_match() [http://php.net/function.preg-match]: Unknown modifier '[' in [APP/controllers/components/linked_in.php, line 135]
2009-12-10 13:25:40 Warning: Warning (2): preg_match() [http://php.net/function.preg-match]: Unknown modifier '[' in [APP/controllers/components/linked_in.php, line 135]
2009-12-10 13:26:09 Warning: Warning (2): preg_match() [http://php.net/function.preg-match]: Unknown modifier '[' in [APP/controllers/components/linked_in.php, line 135]
2009-12-10 13:26:58 Warning: Warning (2): preg_match() [http://php.net/function.preg-match]: Unknown modifier '[' in [APP/controllers/components/linked_in.php, line 135]
2009-12-10 13:37:01 Warning: Warning (2): array_merge() [http://php.net/function.array-merge]: Argument #2 is not an array in [APP/controllers/components/OAuth.php, line 249]
